<?xml version="1.0" encoding="UTF-8"?>
<testsuite xmlns:xsi="http://www.w3.org/2001/XMLSchema-instance" xsi:noNamespaceSchemaLocation="https://maven.apache.org/surefire/maven-surefire-plugin/xsd/surefire-test-report-3.0.xsd" version="3.0" name="store.app.utils.AuthTest" time="0.994" tests="10" errors="0" skipped="0" failures="0">
  <properties>
[...]
</properties>
  <testcase name="testNullPassword" classname="store.app.utils.AuthTest" time="0.036"/>
  <testcase name="testEmptyUsername" classname="store.app.utils.AuthTest" time="0.746"/>
  <testcase name="testCorrectLogin" classname="store.app.utils.AuthTest" time="0.035"/>
  <testcase name="testWrongUsername" classname="store.app.utils.AuthTest" time="0.027"/>
  <testcase name="testCurrentUser" classname="store.app.utils.AuthTest" time="0.027"/>
  <testcase name="testEmptyPassword" classname="store.app.utils.AuthTest" time="0.021"/>
  <testcase name="testNullUsername" classname="store.app.utils.AuthTest" time="0.001"/>
  <testcase name="testWrongPassword" classname="store.app.utils.AuthTest" time="0.021"/>
  <testcase name="testLogout" classname="store.app.utils.AuthTest" time="0.023"/>
  <testcase name="testIsLogin" classname="store.app.utils.AuthTest" time="0.022"/>
</testsuite>